<?xml version="1.0" encoding="UTF-8"?>
<!-- Generated by org.testng.reporters.JUnitXMLReporter -->
<testsuite hostname="INSP15R-BASIL" name="AboutPage.java" tests="6" failures="0" timestamp="4 Feb 2014 22:58:27 GMT" time="46.343" errors="0">
  <testcase name="C21315" time="13.42" classname="www_voxox.AboutPage"/>
  <testcase name="C21316" time="4.394" classname="www_voxox.AboutPage"/>
  <testcase name="C21317" time="4.497" classname="www_voxox.AboutPage"/>
  <testcase name="C21318" time="4.72" classname="www_voxox.AboutPage"/>
  <testcase name="C21319" time="4.246" classname="www_voxox.AboutPage"/>
  <testcase name="C21320" time="4.274" classname="www_voxox.AboutPage"/>
</testsuite> <!-- AboutPage.java -->
