<?xml version="1.0" encoding="UTF-8"?>
<!-- Generated by org.testng.reporters.JUnitXMLReporter -->
<testsuite hostname="INSP15R-BASIL" name="BusinessPage.java" tests="23" failures="0" timestamp="4 Feb 2014 23:02:32 GMT" time="146.652" errors="0">
  <testcase name="C21620" time="13.93" classname="www_voxox.BusinessPage"/>
  <testcase name="C21621" time="4.445" classname="www_voxox.BusinessPage"/>
  <testcase name="C21622" time="4.835" classname="www_voxox.BusinessPage"/>
  <testcase name="C21629" time="7.058" classname="www_voxox.BusinessPage"/>
  <testcase name="C21630" time="8.186" classname="www_voxox.BusinessPage"/>
  <testcase name="C21631" time="4.743" classname="www_voxox.BusinessPage"/>
  <testcase name="C21632" time="5.904" classname="www_voxox.BusinessPage"/>
  <testcase name="C21633" time="6.214" classname="www_voxox.BusinessPage"/>
  <testcase name="C21634" time="4.244" classname="www_voxox.BusinessPage"/>
  <testcase name="C21635" time="6.271" classname="www_voxox.BusinessPage"/>
  <testcase name="C21636" time="6.135" classname="www_voxox.BusinessPage"/>
  <testcase name="C21637" time="4.325" classname="www_voxox.BusinessPage"/>
  <testcase name="C21638" time="4.665" classname="www_voxox.BusinessPage"/>
  <testcase name="C21639" time="6.415" classname="www_voxox.BusinessPage"/>
  <testcase name="C21640" time="4.625" classname="www_voxox.BusinessPage"/>
  <testcase name="C21641" time="4.377" classname="www_voxox.BusinessPage"/>
  <testcase name="C21642" time="6.037" classname="www_voxox.BusinessPage"/>
  <testcase name="C21643" time="9.322" classname="www_voxox.BusinessPage"/>
  <testcase name="C21644" time="5.228" classname="www_voxox.BusinessPage"/>
  <testcase name="C21646" time="5.664" classname="www_voxox.BusinessPage"/>
  <testcase name="C21647" time="4.826" classname="www_voxox.BusinessPage"/>
  <testcase name="C21648" time="5.229" classname="www_voxox.BusinessPage"/>
  <testcase name="C37920" time="4.467" classname="www_voxox.BusinessPage"/>
</testsuite> <!-- BusinessPage.java -->
