<?xml version="1.0" encoding="UTF-8"?>
<!-- Generated by org.testng.reporters.JUnitXMLReporter -->
<testsuite hostname="INSP15R-BASIL" name="BusinessDropDown.java" tests="7" failures="0" timestamp="4 Feb 2014 23:00:05 GMT" time="48.391" errors="0">
  <testcase name="testC37728" time="10.401" classname="www_voxox.BusinessDropDown"/>
  <testcase name="testC37729" time="5.294" classname="www_voxox.BusinessDropDown"/>
  <testcase name="testC37730" time="4.302" classname="www_voxox.BusinessDropDown"/>
  <testcase name="testC37731" time="4.439" classname="www_voxox.BusinessDropDown"/>
  <testcase name="testC37732" time="4.273" classname="www_voxox.BusinessDropDown"/>
  <testcase name="testC38414" time="5.206" classname="www_voxox.BusinessDropDown"/>
  <testcase name="testC38418" time="5.542" classname="www_voxox.BusinessDropDown"/>
</testsuite> <!-- BusinessDropDown.java -->
