<?xml version="1.0" encoding="UTF-8"?>
<!-- Generated by org.testng.reporters.JUnitXMLReporter -->
<testsuite hostname="INSP15R-BASIL" name="CarrierAndWholesale.java" tests="3" failures="0" timestamp="4 Feb 2014 23:16:25 GMT" time="34.649" errors="0">
  <testcase name="C37915" time="13.11" classname="www_voxox.CarrierAndWholesale"/>
  <testcase name="C37917" time="8.094" classname="www_voxox.CarrierAndWholesale"/>
  <testcase name="C37919" time="4.77" classname="www_voxox.CarrierAndWholesale"/>
</testsuite> <!-- CarrierAndWholesale.java -->
