<?xml version="1.0" encoding="UTF-8"?>
<!-- Generated by org.testng.reporters.JUnitXMLReporter -->
<testsuite hostname="INSP15R-BASIL" name="HelpDropDown.java" tests="4" failures="0" timestamp="4 Feb 2014 23:04:27 GMT" time="32.179" errors="0">
  <testcase name="testC37723" time="10.222" classname="www_voxox.HelpDropDown"/>
  <testcase name="testC37724" time="4.197" classname="www_voxox.HelpDropDown"/>
  <testcase name="testC37725" time="4.843" classname="www_voxox.HelpDropDown"/>
  <testcase name="testC38416" time="4.554" classname="www_voxox.HelpDropDown"/>
</testsuite> <!-- HelpDropDown.java -->
