<?xml version="1.0" encoding="UTF-8"?>
<!-- Generated by org.testng.reporters.JUnitXMLReporter -->
<testsuite hostname="INSP15R-BASIL" name="HostedPBX.java" tests="5" failures="0" timestamp="4 Feb 2014 23:15:19 GMT" time="47.989" errors="0">
  <testcase name="C37903" time="14.948" classname="www_voxox.HostedPBX"/>
  <testcase name="C37905" time="8.107" classname="www_voxox.HostedPBX"/>
  <testcase name="C37907" time="5.008" classname="www_voxox.HostedPBX"/>
  <testcase name="C37909" time="4.897" classname="www_voxox.HostedPBX"/>
  <testcase name="C37910" time="4.119" classname="www_voxox.HostedPBX"/>
</testsuite> <!-- HostedPBX.java -->
