<?xml version="1.0" encoding="UTF-8"?>
<!-- Generated by org.testng.reporters.JUnitXMLReporter -->
<testsuite hostname="INSP15R-BASIL" name="OperatorPartnerPage.java" tests="6" failures="0" timestamp="4 Feb 2014 23:07:19 GMT" time="54.669" errors="0">
  <testcase name="C37737" time="11.897" classname="www_voxox.OperatorPartnerPage"/>
  <testcase name="C37738" time="10.599" classname="www_voxox.OperatorPartnerPage"/>
  <testcase name="C37739" time="7.654" classname="www_voxox.OperatorPartnerPage"/>
  <testcase name="C37740" time="4.386" classname="www_voxox.OperatorPartnerPage"/>
  <testcase name="C37741" time="7.587" classname="www_voxox.OperatorPartnerPage"/>
  <testcase name="C37742" time="3.588" classname="www_voxox.OperatorPartnerPage"/>
</testsuite> <!-- OperatorPartnerPage.java -->
