<?xml version="1.0" encoding="UTF-8"?>
<!-- Generated by org.testng.reporters.JUnitXMLReporter -->
<testsuite hostname="INSP15R-BASIL" name="OutboundRatesTable.java" tests="9" failures="0" timestamp="4 Feb 2014 23:18:03 GMT" time="72.461" errors="0">
  <testcase name="C38355" time="16.761" classname="www_voxox.OutboundRatesTable"/>
  <testcase name="C38356" time="5.772" classname="www_voxox.OutboundRatesTable"/>
  <testcase name="C38357" time="6.332" classname="www_voxox.OutboundRatesTable"/>
  <testcase name="C38358" time="7.135" classname="www_voxox.OutboundRatesTable"/>
  <testcase name="C38360" time="5.5" classname="www_voxox.OutboundRatesTable"/>
  <testcase name="C38361" time="6.016" classname="www_voxox.OutboundRatesTable"/>
  <testcase name="C38362" time="5.888" classname="www_voxox.OutboundRatesTable"/>
  <testcase name="C38363" time="5.76" classname="www_voxox.OutboundRatesTable"/>
  <testcase name="C38366" time="2.972" classname="www_voxox.OutboundRatesTable"/>
</testsuite> <!-- OutboundRatesTable.java -->
